================================================================================
Channel Noise Sensitivity Analysis (IMPROVED VERSION)
================================================================================

Device: cuda

Experiment Configuration:
  Noise type: activation
  Normalized: True
  Runs per point: 5
  Test images: 5

================================================================================
Step 1: Loading Tiny-ImageNet Dataset
================================================================================
Tiny-ImageNet loaded: 100000 train / 10000 val / 200 classes

================================================================================
Step 2: Loading ResNet50 Model
================================================================================
Target layer: layer4.2.conv3
Number of channels: 2048

================================================================================
Step 3: Selecting Test Images
================================================================================
