================================================================================
Selective Channel Quantization Sensitivity - GradCAM Explanation Only
================================================================================

Device: cuda

Experiment Configuration:
  Model: Always FP32 (never modified)
  Forward/Backward: Always clean
  Quantization: Only in GradCAM computation, only on selected interval
  Intervals: 5 (20% each, by activation magnitude)
  Bit-widths: FP32, INT8, INT4, INT2
  Test images: 10

================================================================================
Loading Data & Model
================================================================================
Tiny-ImageNet loaded: 100000 train / 10000 val / 200 classes
Target layer: layer4.2.conv3 (2048 channels)

================================================================================
Running Experiments
================================================================================

================================================================================
Image 1/10
================================================================================

  Baseline (FP32)
    FP32... Running evaluation for p= 0.1
1 1
Accuracy of the network on test images: 100.0000 %, average probability:  0.9865
Running evaluation for p= 0.3
1 1
Accuracy of the network on test images: 100.0000 %, average probability:  0.9810
Running evaluation for p= 0.5
1 1
Accuracy of the network on test images: 100.0000 %, average probability:  0.9791
ROAD=0.0178

  Interval-1 [0-20%]
    INT8... Running evaluation for p= 0.1
1 1
Accuracy of the network on test images: 100.0000 %, average probability:  0.9845
Running evaluation for p= 0.3
1 1
Accuracy of the network on test images: 100.0000 %, average probability:  0.9873
Running evaluation for p= 0.5
1 1
Accuracy of the network on test images: 100.0000 %, average probability:  0.9922
ROAD=0.0120
    INT4... Running evaluation for p= 0.1
1 1
Accuracy of the network on test images: 100.0000 %, average probability:  0.9642
Running evaluation for p= 0.3
1 1
Accuracy of the network on test images: 100.0000 %, average probability:  0.9871
Running evaluation for p= 0.5
1 1
Accuracy of the network on test images: 100.0000 %, average probability:  0.9846
ROAD=0.0214
    INT2... Running evaluation for p= 0.1
1 1
Accuracy of the network on test images: 100.0000 %, average probability:  0.9863
Running evaluation for p= 0.3
1 1
Accuracy of the network on test images: 100.0000 %, average probability:  0.9892
Running evaluation for p= 0.5
1 1
Accuracy of the network on test images: 100.0000 %, average probability:  0.9829
ROAD=0.0139

  Interval-2 [20-40%]
    INT8... Running evaluation for p= 0.1
1 1
Accuracy of the network on test images: 100.0000 %, average probability:  0.9829
Running evaluation for p= 0.3
1 1
Accuracy of the network on test images: 100.0000 %, average probability:  0.9852
Running evaluation for p= 0.5
1 1
Accuracy of the network on test images: 100.0000 %, average probability:  0.9849
ROAD=0.0157
    INT4... Running evaluation for p= 0.1
1 1
Accuracy of the network on test images: 100.0000 %, average probability:  0.9707
Running evaluation for p= 0.3
1 1
Accuracy of the network on test images: 100.0000 %, average probability:  0.9857
Running evaluation for p= 0.5
1 1
Accuracy of the network on test images: 100.0000 %, average probability:  0.9859
ROAD=0.0192
    INT2... Running evaluation for p= 0.1
1 1
Accuracy of the network on test images: 100.0000 %, average probability:  0.9848
Running evaluation for p= 0.3
1 1
Accuracy of the network on test images: 100.0000 %, average probability:  0.9892
Running evaluation for p= 0.5
1 1
Accuracy of the network on test images: 100.0000 %, average probability:  0.9834
ROAD=0.0142

  Interval-3 [40-60%]
    INT8... Running evaluation for p= 0.1
1 1
Accuracy of the network on test images: 100.0000 %, average probability:  0.9789
Running evaluation for p= 0.3
1 1
Accuracy of the network on test images: 100.0000 %, average probability:  0.9876
Running evaluation for p= 0.5
1 1
Accuracy of the network on test images: 100.0000 %, average probability:  0.9897
ROAD=0.0146
    INT4... Running evaluation for p= 0.1
1 1
Accuracy of the network on test images: 100.0000 %, average probability:  0.9824
Running evaluation for p= 0.3
1 1
Accuracy of the network on test images: 100.0000 %, average probability:  0.9764
Running evaluation for p= 0.5
1 1
Accuracy of the network on test images: 100.0000 %, average probability:  0.9933
ROAD=0.0160
    INT2... Running evaluation for p= 0.1
1 1
Accuracy of the network on test images: 100.0000 %, average probability:  0.9840
Running evaluation for p= 0.3
1 1
Accuracy of the network on test images: 100.0000 %, average probability:  0.9893
Running evaluation for p= 0.5
1 1
Accuracy of the network on test images: 100.0000 %, average probability:  0.9894
ROAD=0.0124

  Interval-4 [60-80%]
    INT8... Running evaluation for p= 0.1
1 1
Accuracy of the network on test images: 100.0000 %, average probability:  0.9823
Running evaluation for p= 0.3
1 1
Accuracy of the network on test images: 100.0000 %, average probability:  0.9854
Running evaluation for p= 0.5
1 1
Accuracy of the network on test images: 100.0000 %, average probability:  0.9870
ROAD=0.0151
    INT4... Running evaluation for p= 0.1
1 1
Accuracy of the network on test images: 100.0000 %, average probability:  0.9887
Running evaluation for p= 0.3
1 1
Accuracy of the network on test images: 100.0000 %, average probability:  0.9861
Running evaluation for p= 0.5
1 1
Accuracy of the network on test images: 100.0000 %, average probability:  0.9859
ROAD=0.0131
    INT2... Running evaluation for p= 0.1
1 1
Accuracy of the network on test images: 100.0000 %, average probability:  0.9888
Running evaluation for p= 0.3
1 1
Accuracy of the network on test images: 100.0000 %, average probability:  0.9895
Running evaluation for p= 0.5
1 1
Accuracy of the network on test images: 100.0000 %, average probability:  0.9932
ROAD=0.0095

  Interval-5 [80-100%]
    INT8... Running evaluation for p= 0.1
1 1
Accuracy of the network on test images: 100.0000 %, average probability:  0.9817
Running evaluation for p= 0.3
1 1
Accuracy of the network on test images: 100.0000 %, average probability:  0.9917
Running evaluation for p= 0.5
1 1
Accuracy of the network on test images: 100.0000 %, average probability:  0.9847
ROAD=0.0140
    INT4... Running evaluation for p= 0.1
1 1
Accuracy of the network on test images: 100.0000 %, average probability:  0.9853
Running evaluation for p= 0.3
1 1
Accuracy of the network on test images: 100.0000 %, average probability:  0.9911
Running evaluation for p= 0.5
1 1
Accuracy of the network on test images: 100.0000 %, average probability:  0.9879
ROAD=0.0119
    INT2... Running evaluation for p= 0.1
1 1
Accuracy of the network on test images: 100.0000 %, average probability:  0.9836
Running evaluation for p= 0.3
1 1
Accuracy of the network on test images: 100.0000 %, average probability:  0.9840
Running evaluation for p= 0.5
1 1
Accuracy of the network on test images: 100.0000 %, average probability:  0.9936
ROAD=0.0129

================================================================================
Image 2/10
================================================================================

  Baseline (FP32)
    FP32... Running evaluation for p= 0.1
1 1
Accuracy of the network on test images: 100.0000 %, average probability:  0.9786
Running evaluation for p= 0.3
1 1
Accuracy of the network on test images: 100.0000 %, average probability:  0.9804
Running evaluation for p= 0.5
1 1
Accuracy of the network on test images: 100.0000 %, average probability:  0.9700
ROAD=0.0237

  Interval-1 [0-20%]
    INT8... Running evaluation for p= 0.1
1 1
Accuracy of the network on test images: 100.0000 %, average probability:  0.9616
Running evaluation for p= 0.3
1 1
Accuracy of the network on test images: 100.0000 %, average probability:  0.9710
Running evaluation for p= 0.5
1 1
Accuracy of the network on test images: 100.0000 %, average probability:  0.9761
ROAD=0.0304
    INT4... Running evaluation for p= 0.1
1 1
Accuracy of the network on test images: 100.0000 %, average probability:  0.9654
Running evaluation for p= 0.3
1 1
Accuracy of the network on test images: 100.0000 %, average probability:  0.9348
Running evaluation for p= 0.5
1 1
Accuracy of the network on test images: 100.0000 %, average probability:  0.9664
ROAD=0.0445
    INT2... Running evaluation for p= 0.1
1 1
Accuracy of the network on test images: 100.0000 %, average probability:  0.9662
Running evaluation for p= 0.3
1 1
Accuracy of the network on test images: 100.0000 %, average probability:  0.9805
Running evaluation for p= 0.5
1 1
Accuracy of the network on test images: 100.0000 %, average probability:  0.9745
ROAD=0.0262

  Interval-2 [20-40%]
    INT8... Running evaluation for p= 0.1
1 1
Accuracy of the network on test images: 100.0000 %, average probability:  0.9863
Running evaluation for p= 0.3
1 1
Accuracy of the network on test images: 100.0000 %, average probability:  0.9714
Running evaluation for p= 0.5
1 1
Accuracy of the network on test images: 100.0000 %, average probability:  0.9798
ROAD=0.0208
    INT4... Running evaluation for p= 0.1
1 1
Accuracy of the network on test images: 100.0000 %, average probability:  0.9849
Running evaluation for p= 0.3
1 1
Accuracy of the network on test images: 100.0000 %, average probability:  0.9748
Running evaluation for p= 0.5
1 1
Accuracy of the network on test images: 100.0000 %, average probability:  0.9710
ROAD=0.0231
    INT2... Running evaluation for p= 0.1
1 1
Accuracy of the network on test images: 100.0000 %, average probability:  0.9803
Running evaluation for p= 0.3
1 1
Accuracy of the network on test images: 100.0000 %, average probability:  0.9778
Running evaluation for p= 0.5
1 1
Accuracy of the network on test images: 100.0000 %, average probability:  0.9788
ROAD=0.0211

  Interval-3 [40-60%]
    INT8... Running evaluation for p= 0.1
1 1
Accuracy of the network on test images: 100.0000 %, average probability:  0.9796
Running evaluation for p= 0.3
1 1
Accuracy of the network on test images: 100.0000 %, average probability:  0.9705
Running evaluation for p= 0.5
1 1
Accuracy of the network on test images: 100.0000 %, average probability:  0.9786
ROAD=0.0238
    INT4... Running evaluation for p= 0.1
1 1
Accuracy of the network on test images: 100.0000 %, average probability:  0.9728
Running evaluation for p= 0.3
1 1
Accuracy of the network on test images: 100.0000 %, average probability:  0.9780
Running evaluation for p= 0.5
1 1
Accuracy of the network on test images: 100.0000 %, average probability:  0.9761
ROAD=0.0244
    INT2... Running evaluation for p= 0.1
1 1
Accuracy of the network on test images: 100.0000 %, average probability:  0.9759
Running evaluation for p= 0.3
1 1
Accuracy of the network on test images: 100.0000 %, average probability:  0.9714
Running evaluation for p= 0.5
1 1
Accuracy of the network on test images: 100.0000 %, average probability:  0.9785
ROAD=0.0247

  Interval-4 [60-80%]
    INT8... Running evaluation for p= 0.1
1 1
Accuracy of the network on test images: 100.0000 %, average probability:  0.9809
Running evaluation for p= 0.3
1 1
Accuracy of the network on test images: 100.0000 %, average probability:  0.9795
Running evaluation for p= 0.5
1 1
Accuracy of the network on test images: 100.0000 %, average probability:  0.9856
ROAD=0.0180
    INT4... Running evaluation for p= 0.1
1 1
Accuracy of the network on test images: 100.0000 %, average probability:  0.9735
Running evaluation for p= 0.3
1 1
Accuracy of the network on test images: 100.0000 %, average probability:  0.9843
Running evaluation for p= 0.5
1 1
Accuracy of the network on test images: 100.0000 %, average probability:  0.9639
ROAD=0.0261
    INT2... Running evaluation for p= 0.1
1 1
Accuracy of the network on test images: 100.0000 %, average probability:  0.9765
Running evaluation for p= 0.3
1 1
Accuracy of the network on test images: 100.0000 %, average probability:  0.9714
Running evaluation for p= 0.5
1 1
Accuracy of the network on test images: 100.0000 %, average probability:  0.9757
ROAD=0.0255

  Interval-5 [80-100%]
    INT8... Running evaluation for p= 0.1
1 1
Accuracy of the network on test images: 100.0000 %, average probability:  0.9802
Running evaluation for p= 0.3
1 1
Accuracy of the network on test images: 100.0000 %, average probability:  0.9597
Running evaluation for p= 0.5
1 1
Accuracy of the network on test images: 100.0000 %, average probability:  0.9734
ROAD=0.0289
    INT4... Running evaluation for p= 0.1
1 1
Accuracy of the network on test images: 100.0000 %, average probability:  0.9709
Running evaluation for p= 0.3
1 1
Accuracy of the network on test images: 100.0000 %, average probability:  0.9812
Running evaluation for p= 0.5
1 1
Accuracy of the network on test images: 100.0000 %, average probability:  0.9768
ROAD=0.0237
    INT2... Running evaluation for p= 0.1
1 1
Accuracy of the network on test images: 100.0000 %, average probability:  0.9743
Running evaluation for p= 0.3
1 1
Accuracy of the network on test images: 100.0000 %, average probability:  0.9856
Running evaluation for p= 0.5
1 1
Accuracy of the network on test images: 100.0000 %, average probability:  0.9751
ROAD=0.0217

================================================================================
Image 3/10
================================================================================

  Baseline (FP32)
    FP32... Running evaluation for p= 0.1
1 1
Accuracy of the network on test images: 100.0000 %, average probability:  1.0000
Running evaluation for p= 0.3
1 1
Accuracy of the network on test images: 100.0000 %, average probability:  1.0000
Running evaluation for p= 0.5
1 1
Accuracy of the network on test images: 100.0000 %, average probability:  1.0000
ROAD=0.0000

  Interval-1 [0-20%]
    INT8... Running evaluation for p= 0.1
1 1
Accuracy of the network on test images: 100.0000 %, average probability:  1.0000
Running evaluation for p= 0.3
1 1
Accuracy of the network on test images: 100.0000 %, average probability:  1.0000
Running evaluation for p= 0.5
1 1
Accuracy of the network on test images: 100.0000 %, average probability:  1.0000
ROAD=0.0000
    INT4... Running evaluation for p= 0.1
1 1
Accuracy of the network on test images: 100.0000 %, average probability:  1.0000
Running evaluation for p= 0.3
1 1
Accuracy of the network on test images: 100.0000 %, average probability:  1.0000
Running evaluation for p= 0.5
1 1
Accuracy of the network on test images: 100.0000 %, average probability:  1.0000
ROAD=0.0000
    INT2... Running evaluation for p= 0.1
1 1
Accuracy of the network on test images: 100.0000 %, average probability:  1.0000
Running evaluation for p= 0.3
1 1
Accuracy of the network on test images: 100.0000 %, average probability:  1.0000
Running evaluation for p= 0.5
1 1
Accuracy of the network on test images: 100.0000 %, average probability:  1.0000
ROAD=0.0000

  Interval-2 [20-40%]
    INT8... Running evaluation for p= 0.1
1 1
Accuracy of the network on test images: 100.0000 %, average probability:  1.0000
Running evaluation for p= 0.3
1 1
Accuracy of the network on test images: 100.0000 %, average probability:  1.0000
Running evaluation for p= 0.5
1 1
Accuracy of the network on test images: 100.0000 %, average probability:  1.0000
ROAD=0.0000
    INT4... Running evaluation for p= 0.1
1 1
Accuracy of the network on test images: 100.0000 %, average probability:  1.0000
Running evaluation for p= 0.3
1 1
Accuracy of the network on test images: 100.0000 %, average probability:  1.0000
Running evaluation for p= 0.5
1 1
Accuracy of the network on test images: 100.0000 %, average probability:  1.0000
ROAD=0.0000
    INT2... Running evaluation for p= 0.1
1 1
Accuracy of the network on test images: 100.0000 %, average probability:  1.0000
Running evaluation for p= 0.3
1 1
Accuracy of the network on test images: 100.0000 %, average probability:  1.0000
Running evaluation for p= 0.5
1 1
Accuracy of the network on test images: 100.0000 %, average probability:  1.0000
ROAD=0.0000

  Interval-3 [40-60%]
    INT8... Running evaluation for p= 0.1
1 1
Accuracy of the network on test images: 100.0000 %, average probability:  1.0000
Running evaluation for p= 0.3
1 1
Accuracy of the network on test images: 100.0000 %, average probability:  1.0000
Running evaluation for p= 0.5
1 1
Accuracy of the network on test images: 100.0000 %, average probability:  1.0000
ROAD=0.0000
    INT4... Running evaluation for p= 0.1
1 1
Accuracy of the network on test images: 100.0000 %, average probability:  1.0000
Running evaluation for p= 0.3
1 1
Accuracy of the network on test images: 100.0000 %, average probability:  1.0000
Running evaluation for p= 0.5
1 1
Accuracy of the network on test images: 100.0000 %, average probability:  1.0000
ROAD=0.0000
    INT2... Running evaluation for p= 0.1
1 1
Accuracy of the network on test images: 100.0000 %, average probability:  1.0000
Running evaluation for p= 0.3
1 1
Accuracy of the network on test images: 100.0000 %, average probability:  1.0000
Running evaluation for p= 0.5
1 1
Accuracy of the network on test images: 100.0000 %, average probability:  1.0000
ROAD=0.0000

  Interval-4 [60-80%]
    INT8... Running evaluation for p= 0.1
1 1
Accuracy of the network on test images: 100.0000 %, average probability:  1.0000
Running evaluation for p= 0.3
1 1
Accuracy of the network on test images: 100.0000 %, average probability:  1.0000
Running evaluation for p= 0.5
1 1
Accuracy of the network on test images: 100.0000 %, average probability:  1.0000
ROAD=0.0000
    INT4... Running evaluation for p= 0.1
1 1
Accuracy of the network on test images: 100.0000 %, average probability:  1.0000
Running evaluation for p= 0.3
1 1
Accuracy of the network on test images: 100.0000 %, average probability:  1.0000
Running evaluation for p= 0.5
1 1
Accuracy of the network on test images: 100.0000 %, average probability:  1.0000
ROAD=0.0000
    INT2... Running evaluation for p= 0.1
1 1
Accuracy of the network on test images: 100.0000 %, average probability:  1.0000
Running evaluation for p= 0.3
1 1
Accuracy of the network on test images: 100.0000 %, average probability:  1.0000
Running evaluation for p= 0.5
1 1
Accuracy of the network on test images: 100.0000 %, average probability:  1.0000
ROAD=0.0000

  Interval-5 [80-100%]
    INT8... Running evaluation for p= 0.1
1 1
Accuracy of the network on test images: 100.0000 %, average probability:  1.0000
Running evaluation for p= 0.3
1 1
Accuracy of the network on test images: 100.0000 %, average probability:  1.0000
Running evaluation for p= 0.5
1 1
Accuracy of the network on test images: 100.0000 %, average probability:  1.0000
ROAD=0.0000
    INT4... Running evaluation for p= 0.1
1 1
Accuracy of the network on test images: 100.0000 %, average probability:  1.0000
Running evaluation for p= 0.3
1 1
Accuracy of the network on test images: 100.0000 %, average probability:  1.0000
Running evaluation for p= 0.5
1 1
Accuracy of the network on test images: 100.0000 %, average probability:  1.0000
ROAD=0.0000
    INT2... Running evaluation for p= 0.1
1 1
Accuracy of the network on test images: 100.0000 %, average probability:  1.0000
Running evaluation for p= 0.3
1 1
Accuracy of the network on test images: 100.0000 %, average probability:  1.0000
Running evaluation for p= 0.5
1 1
Accuracy of the network on test images: 100.0000 %, average probability:  1.0000
ROAD=0.0000

================================================================================
Image 4/10
================================================================================

  Baseline (FP32)
    FP32... Running evaluation for p= 0.1
1 1
Accuracy of the network on test images: 100.0000 %, average probability:  1.0000
Running evaluation for p= 0.3
1 1
Accuracy of the network on test images: 100.0000 %, average probability:  1.0000
Running evaluation for p= 0.5
1 1
Accuracy of the network on test images: 100.0000 %, average probability:  1.0000
ROAD=0.0000

  Interval-1 [0-20%]
    INT8... Running evaluation for p= 0.1
1 1
Accuracy of the network on test images: 100.0000 %, average probability:  1.0000
Running evaluation for p= 0.3
1 1
Accuracy of the network on test images: 100.0000 %, average probability:  1.0000
Running evaluation for p= 0.5
1 1
Accuracy of the network on test images: 100.0000 %, average probability:  1.0000
ROAD=0.0000
    INT4... Running evaluation for p= 0.1
1 1
Accuracy of the network on test images: 100.0000 %, average probability:  1.0000
Running evaluation for p= 0.3
1 1
Accuracy of the network on test images: 100.0000 %, average probability:  1.0000
Running evaluation for p= 0.5
1 1
Accuracy of the network on test images: 100.0000 %, average probability:  1.0000
ROAD=0.0000
    INT2... Running evaluation for p= 0.1
1 1
Accuracy of the network on test images: 100.0000 %, average probability:  1.0000
Running evaluation for p= 0.3
1 1
Accuracy of the network on test images: 100.0000 %, average probability:  1.0000
Running evaluation for p= 0.5
1 1
Accuracy of the network on test images: 100.0000 %, average probability:  1.0000
ROAD=0.0000

  Interval-2 [20-40%]
    INT8... Running evaluation for p= 0.1
1 1
Accuracy of the network on test images: 100.0000 %, average probability:  1.0000
Running evaluation for p= 0.3
1 1
Accuracy of the network on test images: 100.0000 %, average probability:  1.0000
Running evaluation for p= 0.5
1 1
Accuracy of the network on test images: 100.0000 %, average probability:  1.0000
ROAD=0.0000
    INT4... Running evaluation for p= 0.1
1 1
Accuracy of the network on test images: 100.0000 %, average probability:  1.0000
Running evaluation for p= 0.3
1 1
Accuracy of the network on test images: 100.0000 %, average probability:  1.0000
Running evaluation for p= 0.5
1 1
Accuracy of the network on test images: 100.0000 %, average probability:  1.0000
ROAD=0.0000
    INT2... Running evaluation for p= 0.1
1 1
Accuracy of the network on test images: 100.0000 %, average probability:  1.0000
Running evaluation for p= 0.3
1 1
Accuracy of the network on test images: 100.0000 %, average probability:  1.0000
Running evaluation for p= 0.5
1 1
Accuracy of the network on test images: 100.0000 %, average probability:  1.0000
ROAD=0.0000

  Interval-3 [40-60%]
    INT8... Running evaluation for p= 0.1
1 1
Accuracy of the network on test images: 100.0000 %, average probability:  1.0000
Running evaluation for p= 0.3
1 1
Accuracy of the network on test images: 100.0000 %, average probability:  1.0000
Running evaluation for p= 0.5
1 1
Accuracy of the network on test images: 100.0000 %, average probability:  1.0000
ROAD=0.0000
    INT4... Running evaluation for p= 0.1
1 1
Accuracy of the network on test images: 100.0000 %, average probability:  1.0000
Running evaluation for p= 0.3
1 1
Accuracy of the network on test images: 100.0000 %, average probability:  1.0000
Running evaluation for p= 0.5
1 1
Accuracy of the network on test images: 100.0000 %, average probability:  1.0000
ROAD=0.0000
    INT2... Running evaluation for p= 0.1
1 1
Accuracy of the network on test images: 100.0000 %, average probability:  1.0000
Running evaluation for p= 0.3
1 1
Accuracy of the network on test images: 100.0000 %, average probability:  1.0000
Running evaluation for p= 0.5
1 1
Accuracy of the network on test images: 100.0000 %, average probability:  1.0000
ROAD=0.0000

  Interval-4 [60-80%]
    INT8... Running evaluation for p= 0.1
1 1
Accuracy of the network on test images: 100.0000 %, average probability:  1.0000
Running evaluation for p= 0.3
1 1
Accuracy of the network on test images: 100.0000 %, average probability:  1.0000
Running evaluation for p= 0.5
1 1
Accuracy of the network on test images: 100.0000 %, average probability:  1.0000
ROAD=0.0000
    INT4... Running evaluation for p= 0.1
1 1
Accuracy of the network on test images: 100.0000 %, average probability:  1.0000
Running evaluation for p= 0.3
1 1
Accuracy of the network on test images: 100.0000 %, average probability:  1.0000
Running evaluation for p= 0.5
1 1
Accuracy of the network on test images: 100.0000 %, average probability:  1.0000
ROAD=0.0000
    INT2... Running evaluation for p= 0.1
1 1
Accuracy of the network on test images: 100.0000 %, average probability:  1.0000
Running evaluation for p= 0.3
1 1
Accuracy of the network on test images: 100.0000 %, average probability:  1.0000
Running evaluation for p= 0.5
1 1
Accuracy of the network on test images: 100.0000 %, average probability:  1.0000
ROAD=0.0000

  Interval-5 [80-100%]
    INT8... Running evaluation for p= 0.1
1 1
Accuracy of the network on test images: 100.0000 %, average probability:  1.0000
Running evaluation for p= 0.3
1 1
Accuracy of the network on test images: 100.0000 %, average probability:  1.0000
Running evaluation for p= 0.5
1 1
Accuracy of the network on test images: 100.0000 %, average probability:  1.0000
ROAD=0.0000
    INT4... Running evaluation for p= 0.1
1 1
Accuracy of the network on test images: 100.0000 %, average probability:  1.0000
Running evaluation for p= 0.3
1 1
Accuracy of the network on test images: 100.0000 %, average probability:  1.0000
Running evaluation for p= 0.5
1 1
Accuracy of the network on test images: 100.0000 %, average probability:  1.0000
ROAD=0.0000
    INT2... Running evaluation for p= 0.1
1 1
Accuracy of the network on test images: 100.0000 %, average probability:  1.0000
Running evaluation for p= 0.3
1 1
Accuracy of the network on test images: 100.0000 %, average probability:  1.0000
Running evaluation for p= 0.5
1 1
Accuracy of the network on test images: 100.0000 %, average probability:  1.0000
ROAD=0.0000

================================================================================
Image 5/10
================================================================================

  Baseline (FP32)
    FP32... Running evaluation for p= 0.1
1 1
Accuracy of the network on test images: 100.0000 %, average probability:  0.8085
Running evaluation for p= 0.3
1 1
Accuracy of the network on test images: 100.0000 %, average probability:  0.7945
Running evaluation for p= 0.5
1 1
Accuracy of the network on test images: 100.0000 %, average probability:  0.8328
ROAD=0.1881

  Interval-1 [0-20%]
    INT8... Running evaluation for p= 0.1
1 1
Accuracy of the network on test images: 100.0000 %, average probability:  0.7710
Running evaluation for p= 0.3
1 1
Accuracy of the network on test images: 100.0000 %, average probability:  0.7773
Running evaluation for p= 0.5
1 1
Accuracy of the network on test images: 100.0000 %, average probability:  0.8869
ROAD=0.1882
    INT4... Running evaluation for p= 0.1
1 1
Accuracy of the network on test images: 100.0000 %, average probability:  0.8594
Running evaluation for p= 0.3
1 1
Accuracy of the network on test images: 100.0000 %, average probability:  0.7992
Running evaluation for p= 0.5
1 1
Accuracy of the network on test images: 100.0000 %, average probability:  0.7772
ROAD=0.1880
    INT2... Running evaluation for p= 0.1
1 1
Accuracy of the network on test images: 100.0000 %, average probability:  0.8059
Running evaluation for p= 0.3
1 1
Accuracy of the network on test images: 100.0000 %, average probability:  0.8307
Running evaluation for p= 0.5
1 1
Accuracy of the network on test images: 100.0000 %, average probability:  0.7859
ROAD=0.1925

  Interval-2 [20-40%]
    INT8... Running evaluation for p= 0.1
1 1
Accuracy of the network on test images: 100.0000 %, average probability:  0.8482
Running evaluation for p= 0.3
1 1
Accuracy of the network on test images: 100.0000 %, average probability:  0.8304
Running evaluation for p= 0.5
1 1
Accuracy of the network on test images: 100.0000 %, average probability:  0.7487
ROAD=0.1909
    INT4... Running evaluation for p= 0.1
1 1
Accuracy of the network on test images: 100.0000 %, average probability:  0.8704
Running evaluation for p= 0.3
1 1
Accuracy of the network on test images: 100.0000 %, average probability:  0.8212
Running evaluation for p= 0.5
1 1
Accuracy of the network on test images: 100.0000 %, average probability:  0.7859
ROAD=0.1742
    INT2... Running evaluation for p= 0.1
1 1
Accuracy of the network on test images: 100.0000 %, average probability:  0.7847
Running evaluation for p= 0.3
1 1
Accuracy of the network on test images: 100.0000 %, average probability:  0.7983
Running evaluation for p= 0.5
1 1
Accuracy of the network on test images: 100.0000 %, average probability:  0.7937
ROAD=0.2077

  Interval-3 [40-60%]
    INT8... Running evaluation for p= 0.1
1 1
Accuracy of the network on test images: 100.0000 %, average probability:  0.7364
Running evaluation for p= 0.3
1 1
Accuracy of the network on test images: 100.0000 %, average probability:  0.8069
Running evaluation for p= 0.5
1 1
Accuracy of the network on test images: 100.0000 %, average probability:  0.7703
ROAD=0.2288
    INT4... Running evaluation for p= 0.1
1 1
Accuracy of the network on test images: 100.0000 %, average probability:  0.8085
Running evaluation for p= 0.3
1 1
Accuracy of the network on test images: 100.0000 %, average probability:  0.7622
Running evaluation for p= 0.5
1 1
Accuracy of the network on test images: 100.0000 %, average probability:  0.8007
ROAD=0.2095
    INT2... Running evaluation for p= 0.1
1 1
Accuracy of the network on test images: 100.0000 %, average probability:  0.7826
Running evaluation for p= 0.3
1 1
Accuracy of the network on test images: 100.0000 %, average probability:  0.8121
Running evaluation for p= 0.5
1 1
Accuracy of the network on test images: 100.0000 %, average probability:  0.7769
ROAD=0.2095

  Interval-4 [60-80%]
    INT8... Running evaluation for p= 0.1
1 1
Accuracy of the network on test images: 100.0000 %, average probability:  0.8283
Running evaluation for p= 0.3
1 1
Accuracy of the network on test images: 100.0000 %, average probability:  0.7855
Running evaluation for p= 0.5
1 1
Accuracy of the network on test images: 100.0000 %, average probability:  0.8110
ROAD=0.1917
    INT4... Running evaluation for p= 0.1
1 1
Accuracy of the network on test images: 100.0000 %, average probability:  0.7784
Running evaluation for p= 0.3
1 1
Accuracy of the network on test images: 100.0000 %, average probability:  0.8064
Running evaluation for p= 0.5
1 1
Accuracy of the network on test images: 100.0000 %, average probability:  0.7713
ROAD=0.2146
    INT2... Running evaluation for p= 0.1
1 1
Accuracy of the network on test images: 100.0000 %, average probability:  0.8156
Running evaluation for p= 0.3
1 1
Accuracy of the network on test images: 100.0000 %, average probability:  0.8335
Running evaluation for p= 0.5
1 1
Accuracy of the network on test images: 100.0000 %, average probability:  0.8084
ROAD=0.1808

  Interval-5 [80-100%]
    INT8... Running evaluation for p= 0.1
1 1
Accuracy of the network on test images: 100.0000 %, average probability:  0.7749
Running evaluation for p= 0.3
1 1
Accuracy of the network on test images: 100.0000 %, average probability:  0.8030
Running evaluation for p= 0.5
1 1
Accuracy of the network on test images: 100.0000 %, average probability:  0.8844
ROAD=0.1792
    INT4... Running evaluation for p= 0.1
1 1
Accuracy of the network on test images: 100.0000 %, average probability:  0.8352
Running evaluation for p= 0.3
1 1
Accuracy of the network on test images: 100.0000 %, average probability:  0.8087
Running evaluation for p= 0.5
1 1
Accuracy of the network on test images: 100.0000 %, average probability:  0.7808
ROAD=0.1918
    INT2... Running evaluation for p= 0.1
1 1
Accuracy of the network on test images: 100.0000 %, average probability:  0.8491
Running evaluation for p= 0.3
1 1
Accuracy of the network on test images: 100.0000 %, average probability:  0.7856
Running evaluation for p= 0.5
1 1
Accuracy of the network on test images: 100.0000 %, average probability:  0.8027
ROAD=0.1875

================================================================================
Image 6/10
================================================================================

  Baseline (FP32)
    FP32... Running evaluation for p= 0.1
1 1
Accuracy of the network on test images: 100.0000 %, average probability:  1.0000
Running evaluation for p= 0.3
1 1
Accuracy of the network on test images: 100.0000 %, average probability:  1.0000
Running evaluation for p= 0.5
1 1
Accuracy of the network on test images: 100.0000 %, average probability:  1.0000
ROAD=0.0000

  Interval-1 [0-20%]
    INT8... Running evaluation for p= 0.1
1 1
Accuracy of the network on test images: 100.0000 %, average probability:  1.0000
Running evaluation for p= 0.3
1 1
Accuracy of the network on test images: 100.0000 %, average probability:  1.0000
Running evaluation for p= 0.5
1 1
Accuracy of the network on test images: 100.0000 %, average probability:  1.0000
ROAD=0.0000
    INT4... Running evaluation for p= 0.1
1 1
Accuracy of the network on test images: 100.0000 %, average probability:  0.9999
Running evaluation for p= 0.3
1 1
Accuracy of the network on test images: 100.0000 %, average probability:  1.0000
Running evaluation for p= 0.5
1 1
Accuracy of the network on test images: 100.0000 %, average probability:  1.0000
ROAD=0.0000
    INT2... Running evaluation for p= 0.1
1 1
Accuracy of the network on test images: 100.0000 %, average probability:  1.0000
Running evaluation for p= 0.3
1 1
Accuracy of the network on test images: 100.0000 %, average probability:  1.0000
Running evaluation for p= 0.5
1 1
Accuracy of the network on test images: 100.0000 %, average probability:  1.0000
ROAD=0.0000

  Interval-2 [20-40%]
    INT8... Running evaluation for p= 0.1
1 1
Accuracy of the network on test images: 100.0000 %, average probability:  1.0000
Running evaluation for p= 0.3
1 1
Accuracy of the network on test images: 100.0000 %, average probability:  1.0000
Running evaluation for p= 0.5
1 1
Accuracy of the network on test images: 100.0000 %, average probability:  1.0000
ROAD=0.0000
    INT4... Running evaluation for p= 0.1
1 1
Accuracy of the network on test images: 100.0000 %, average probability:  1.0000
Running evaluation for p= 0.3
1 1
Accuracy of the network on test images: 100.0000 %, average probability:  1.0000
Running evaluation for p= 0.5
1 1
Accuracy of the network on test images: 100.0000 %, average probability:  1.0000
ROAD=0.0000
    INT2... Running evaluation for p= 0.1
1 1
Accuracy of the network on test images: 100.0000 %, average probability:  1.0000
Running evaluation for p= 0.3
1 1
Accuracy of the network on test images: 100.0000 %, average probability:  0.9999
Running evaluation for p= 0.5
1 1
Accuracy of the network on test images: 100.0000 %, average probability:  1.0000
ROAD=0.0000

  Interval-3 [40-60%]
    INT8... Running evaluation for p= 0.1
1 1
Accuracy of the network on test images: 100.0000 %, average probability:  1.0000
Running evaluation for p= 0.3
1 1
Accuracy of the network on test images: 100.0000 %, average probability:  1.0000
Running evaluation for p= 0.5
1 1
Accuracy of the network on test images: 100.0000 %, average probability:  1.0000
ROAD=0.0000
    INT4... Running evaluation for p= 0.1
1 1
Accuracy of the network on test images: 100.0000 %, average probability:  1.0000
Running evaluation for p= 0.3
1 1
Accuracy of the network on test images: 100.0000 %, average probability:  1.0000
Running evaluation for p= 0.5
1 1
Accuracy of the network on test images: 100.0000 %, average probability:  1.0000
ROAD=0.0000
    INT2... Running evaluation for p= 0.1
1 1
Accuracy of the network on test images: 100.0000 %, average probability:  1.0000
Running evaluation for p= 0.3
1 1
Accuracy of the network on test images: 100.0000 %, average probability:  1.0000
Running evaluation for p= 0.5
1 1
Accuracy of the network on test images: 100.0000 %, average probability:  1.0000
ROAD=0.0000

  Interval-4 [60-80%]
    INT8... Running evaluation for p= 0.1
1 1
Accuracy of the network on test images: 100.0000 %, average probability:  1.0000
Running evaluation for p= 0.3
1 1
Accuracy of the network on test images: 100.0000 %, average probability:  1.0000
Running evaluation for p= 0.5
1 1
Accuracy of the network on test images: 100.0000 %, average probability:  1.0000
ROAD=0.0000
    INT4... Running evaluation for p= 0.1
1 1
Accuracy of the network on test images: 100.0000 %, average probability:  1.0000
Running evaluation for p= 0.3
1 1
Accuracy of the network on test images: 100.0000 %, average probability:  1.0000
Running evaluation for p= 0.5
1 1
Accuracy of the network on test images: 100.0000 %, average probability:  1.0000
ROAD=0.0000
    INT2... Running evaluation for p= 0.1
1 1
Accuracy of the network on test images: 100.0000 %, average probability:  1.0000
Running evaluation for p= 0.3
1 1
Accuracy of the network on test images: 100.0000 %, average probability:  1.0000
Running evaluation for p= 0.5
1 1
Accuracy of the network on test images: 100.0000 %, average probability:  1.0000
ROAD=0.0000

  Interval-5 [80-100%]
    INT8... Running evaluation for p= 0.1
1 1
Accuracy of the network on test images: 100.0000 %, average probability:  1.0000
Running evaluation for p= 0.3
1 1
Accuracy of the network on test images: 100.0000 %, average probability:  1.0000
Running evaluation for p= 0.5
1 1
Accuracy of the network on test images: 100.0000 %, average probability:  1.0000
ROAD=0.0000
    INT4... Running evaluation for p= 0.1
1 1
Accuracy of the network on test images: 100.0000 %, average probability:  1.0000
Running evaluation for p= 0.3
1 1
Accuracy of the network on test images: 100.0000 %, average probability:  1.0000
Running evaluation for p= 0.5
1 1
Accuracy of the network on test images: 100.0000 %, average probability:  1.0000
ROAD=0.0000
    INT2... Running evaluation for p= 0.1
1 1
Accuracy of the network on test images: 100.0000 %, average probability:  1.0000
Running evaluation for p= 0.3
1 1
Accuracy of the network on test images: 100.0000 %, average probability:  1.0000
Running evaluation for p= 0.5
1 1
Accuracy of the network on test images: 100.0000 %, average probability:  1.0000
ROAD=0.0000

================================================================================
Image 7/10
================================================================================

  Baseline (FP32)
    FP32... Running evaluation for p= 0.1
1 1
Accuracy of the network on test images: 100.0000 %, average probability:  0.9932
Running evaluation for p= 0.3
1 1
Accuracy of the network on test images: 100.0000 %, average probability:  0.9920
Running evaluation for p= 0.5
1 1
Accuracy of the network on test images: 100.0000 %, average probability:  0.9919
ROAD=0.0076

  Interval-1 [0-20%]
    INT8... Running evaluation for p= 0.1
1 1
Accuracy of the network on test images: 100.0000 %, average probability:  0.9899
Running evaluation for p= 0.3
1 1
Accuracy of the network on test images: 100.0000 %, average probability:  0.9944
Running evaluation for p= 0.5
1 1
Accuracy of the network on test images: 100.0000 %, average probability:  0.9926
ROAD=0.0077
    INT4... Running evaluation for p= 0.1
1 1
Accuracy of the network on test images: 100.0000 %, average probability:  0.9955
Running evaluation for p= 0.3
1 1
Accuracy of the network on test images: 100.0000 %, average probability:  0.9933
Running evaluation for p= 0.5
1 1
Accuracy of the network on test images: 100.0000 %, average probability:  0.9918
ROAD=0.0065
    INT2... Running evaluation for p= 0.1
1 1
Accuracy of the network on test images: 100.0000 %, average probability:  0.9929
Running evaluation for p= 0.3
1 1
Accuracy of the network on test images: 100.0000 %, average probability:  0.9952
Running evaluation for p= 0.5
1 1
Accuracy of the network on test images: 100.0000 %, average probability:  0.9933
ROAD=0.0062

  Interval-2 [20-40%]
    INT8... Running evaluation for p= 0.1
1 1
Accuracy of the network on test images: 100.0000 %, average probability:  0.9940
Running evaluation for p= 0.3
1 1
Accuracy of the network on test images: 100.0000 %, average probability:  0.9932
Running evaluation for p= 0.5
1 1
Accuracy of the network on test images: 100.0000 %, average probability:  0.9925
ROAD=0.0068
    INT4... Running evaluation for p= 0.1
1 1
Accuracy of the network on test images: 100.0000 %, average probability:  0.9954
Running evaluation for p= 0.3
1 1
Accuracy of the network on test images: 100.0000 %, average probability:  0.9921
Running evaluation for p= 0.5
1 1
Accuracy of the network on test images: 100.0000 %, average probability:  0.9950
ROAD=0.0058
    INT2... Running evaluation for p= 0.1
1 1
Accuracy of the network on test images: 100.0000 %, average probability:  0.9936
Running evaluation for p= 0.3
1 1
Accuracy of the network on test images: 100.0000 %, average probability:  0.9934
Running evaluation for p= 0.5
1 1
Accuracy of the network on test images: 100.0000 %, average probability:  0.9930
ROAD=0.0067

  Interval-3 [40-60%]
    INT8... Running evaluation for p= 0.1
1 1
Accuracy of the network on test images: 100.0000 %, average probability:  0.9940
Running evaluation for p= 0.3
1 1
Accuracy of the network on test images: 100.0000 %, average probability:  0.9940
Running evaluation for p= 0.5
1 1
Accuracy of the network on test images: 100.0000 %, average probability:  0.9948
ROAD=0.0058
    INT4... Running evaluation for p= 0.1
1 1
Accuracy of the network on test images: 100.0000 %, average probability:  0.9919
Running evaluation for p= 0.3
1 1
Accuracy of the network on test images: 100.0000 %, average probability:  0.9934
Running evaluation for p= 0.5
1 1
Accuracy of the network on test images: 100.0000 %, average probability:  0.9935
ROAD=0.0071
    INT2... Running evaluation for p= 0.1
1 1
Accuracy of the network on test images: 100.0000 %, average probability:  0.9937
Running evaluation for p= 0.3
1 1
Accuracy of the network on test images: 100.0000 %, average probability:  0.9947
Running evaluation for p= 0.5
1 1
Accuracy of the network on test images: 100.0000 %, average probability:  0.9940
ROAD=0.0059

  Interval-4 [60-80%]
    INT8... Running evaluation for p= 0.1
1 1
Accuracy of the network on test images: 100.0000 %, average probability:  0.9935
Running evaluation for p= 0.3
1 1
Accuracy of the network on test images: 100.0000 %, average probability:  0.9955
Running evaluation for p= 0.5
1 1
Accuracy of the network on test images: 100.0000 %, average probability:  0.9929
ROAD=0.0060
    INT4... Running evaluation for p= 0.1
1 1
Accuracy of the network on test images: 100.0000 %, average probability:  0.9947
Running evaluation for p= 0.3
1 1
Accuracy of the network on test images: 100.0000 %, average probability:  0.9929
Running evaluation for p= 0.5
1 1
Accuracy of the network on test images: 100.0000 %, average probability:  0.9924
ROAD=0.0067
    INT2... Running evaluation for p= 0.1
1 1
Accuracy of the network on test images: 100.0000 %, average probability:  0.9938
Running evaluation for p= 0.3
1 1
Accuracy of the network on test images: 100.0000 %, average probability:  0.9910
Running evaluation for p= 0.5
1 1
Accuracy of the network on test images: 100.0000 %, average probability:  0.9936
ROAD=0.0072

  Interval-5 [80-100%]
    INT8... Running evaluation for p= 0.1
1 1
Accuracy of the network on test images: 100.0000 %, average probability:  0.9920
Running evaluation for p= 0.3
1 1
Accuracy of the network on test images: 100.0000 %, average probability:  0.9940
Running evaluation for p= 0.5
1 1
Accuracy of the network on test images: 100.0000 %, average probability:  0.9954
ROAD=0.0062
    INT4... Running evaluation for p= 0.1
1 1
Accuracy of the network on test images: 100.0000 %, average probability:  0.9940
Running evaluation for p= 0.3
1 1
Accuracy of the network on test images: 100.0000 %, average probability:  0.9907
Running evaluation for p= 0.5
1 1
Accuracy of the network on test images: 100.0000 %, average probability:  0.9922
ROAD=0.0077
    INT2... Running evaluation for p= 0.1
1 1
Accuracy of the network on test images: 100.0000 %, average probability:  0.9925
Running evaluation for p= 0.3
1 1
Accuracy of the network on test images: 100.0000 %, average probability:  0.9915
Running evaluation for p= 0.5
1 1
Accuracy of the network on test images: 100.0000 %, average probability:  0.9937
ROAD=0.0074

================================================================================
Image 8/10
================================================================================

  Baseline (FP32)
    FP32... Running evaluation for p= 0.1
1 1
Accuracy of the network on test images: 100.0000 %, average probability:  1.0000
Running evaluation for p= 0.3
1 1
Accuracy of the network on test images: 100.0000 %, average probability:  1.0000
Running evaluation for p= 0.5
1 1
Accuracy of the network on test images: 100.0000 %, average probability:  1.0000
ROAD=0.0000

  Interval-1 [0-20%]
    INT8... Running evaluation for p= 0.1
1 1
Accuracy of the network on test images: 100.0000 %, average probability:  1.0000
Running evaluation for p= 0.3
1 1
Accuracy of the network on test images: 100.0000 %, average probability:  1.0000
Running evaluation for p= 0.5
1 1
Accuracy of the network on test images: 100.0000 %, average probability:  1.0000
ROAD=0.0000
    INT4... Running evaluation for p= 0.1
1 1
Accuracy of the network on test images: 100.0000 %, average probability:  1.0000
Running evaluation for p= 0.3
1 1
Accuracy of the network on test images: 100.0000 %, average probability:  1.0000
Running evaluation for p= 0.5
1 1
Accuracy of the network on test images: 100.0000 %, average probability:  1.0000
ROAD=0.0000
    INT2... Running evaluation for p= 0.1
1 1
Accuracy of the network on test images: 100.0000 %, average probability:  1.0000
Running evaluation for p= 0.3
1 1
Accuracy of the network on test images: 100.0000 %, average probability:  1.0000
Running evaluation for p= 0.5
1 1
Accuracy of the network on test images: 100.0000 %, average probability:  1.0000
ROAD=0.0000

  Interval-2 [20-40%]
    INT8... Running evaluation for p= 0.1
1 1
Accuracy of the network on test images: 100.0000 %, average probability:  1.0000
Running evaluation for p= 0.3
1 1
Accuracy of the network on test images: 100.0000 %, average probability:  1.0000
Running evaluation for p= 0.5
1 1
Accuracy of the network on test images: 100.0000 %, average probability:  1.0000
ROAD=0.0000
    INT4... Running evaluation for p= 0.1
1 1
Accuracy of the network on test images: 100.0000 %, average probability:  1.0000
Running evaluation for p= 0.3
1 1
Accuracy of the network on test images: 100.0000 %, average probability:  1.0000
Running evaluation for p= 0.5
1 1
Accuracy of the network on test images: 100.0000 %, average probability:  1.0000
ROAD=0.0000
    INT2... Running evaluation for p= 0.1
1 1
Accuracy of the network on test images: 100.0000 %, average probability:  1.0000
Running evaluation for p= 0.3
1 1
Accuracy of the network on test images: 100.0000 %, average probability:  1.0000
Running evaluation for p= 0.5
1 1
Accuracy of the network on test images: 100.0000 %, average probability:  1.0000
ROAD=0.0000

  Interval-3 [40-60%]
    INT8... Running evaluation for p= 0.1
1 1
Accuracy of the network on test images: 100.0000 %, average probability:  1.0000
Running evaluation for p= 0.3
1 1
Accuracy of the network on test images: 100.0000 %, average probability:  1.0000
Running evaluation for p= 0.5
1 1
Accuracy of the network on test images: 100.0000 %, average probability:  1.0000
ROAD=0.0000
    INT4... Running evaluation for p= 0.1
1 1
Accuracy of the network on test images: 100.0000 %, average probability:  1.0000
Running evaluation for p= 0.3
1 1
Accuracy of the network on test images: 100.0000 %, average probability:  1.0000
Running evaluation for p= 0.5
1 1
Accuracy of the network on test images: 100.0000 %, average probability:  1.0000
ROAD=0.0000
    INT2... Running evaluation for p= 0.1
1 1
Accuracy of the network on test images: 100.0000 %, average probability:  1.0000
Running evaluation for p= 0.3
1 1
Accuracy of the network on test images: 100.0000 %, average probability:  1.0000
Running evaluation for p= 0.5
1 1
Accuracy of the network on test images: 100.0000 %, average probability:  1.0000
ROAD=0.0000

  Interval-4 [60-80%]
    INT8... Running evaluation for p= 0.1
1 1
Accuracy of the network on test images: 100.0000 %, average probability:  1.0000
Running evaluation for p= 0.3
1 1
Accuracy of the network on test images: 100.0000 %, average probability:  1.0000
Running evaluation for p= 0.5
1 1
Accuracy of the network on test images: 100.0000 %, average probability:  1.0000
ROAD=0.0000
    INT4... Running evaluation for p= 0.1
1 1
Accuracy of the network on test images: 100.0000 %, average probability:  1.0000
Running evaluation for p= 0.3
1 1
Accuracy of the network on test images: 100.0000 %, average probability:  1.0000
Running evaluation for p= 0.5
1 1
Accuracy of the network on test images: 100.0000 %, average probability:  1.0000
ROAD=0.0000
    INT2... Running evaluation for p= 0.1
1 1
Accuracy of the network on test images: 100.0000 %, average probability:  1.0000
Running evaluation for p= 0.3
1 1
Accuracy of the network on test images: 100.0000 %, average probability:  1.0000
Running evaluation for p= 0.5
1 1
Accuracy of the network on test images: 100.0000 %, average probability:  1.0000
ROAD=0.0000

  Interval-5 [80-100%]
    INT8... Running evaluation for p= 0.1
1 1
Accuracy of the network on test images: 100.0000 %, average probability:  1.0000
Running evaluation for p= 0.3
1 1
Accuracy of the network on test images: 100.0000 %, average probability:  1.0000
Running evaluation for p= 0.5
1 1
Accuracy of the network on test images: 100.0000 %, average probability:  1.0000
ROAD=0.0000
    INT4... Running evaluation for p= 0.1
1 1
Accuracy of the network on test images: 100.0000 %, average probability:  1.0000
Running evaluation for p= 0.3
1 1
Accuracy of the network on test images: 100.0000 %, average probability:  1.0000
Running evaluation for p= 0.5
1 1
Accuracy of the network on test images: 100.0000 %, average probability:  1.0000
ROAD=0.0000
    INT2... Running evaluation for p= 0.1
1 1
Accuracy of the network on test images: 100.0000 %, average probability:  1.0000
Running evaluation for p= 0.3
1 1
Accuracy of the network on test images: 100.0000 %, average probability:  1.0000
Running evaluation for p= 0.5
1 1
Accuracy of the network on test images: 100.0000 %, average probability:  1.0000
ROAD=0.0000

================================================================================
Image 9/10
================================================================================

  Baseline (FP32)
    FP32... Running evaluation for p= 0.1
1 1
Accuracy of the network on test images: 100.0000 %, average probability:  0.9933
Running evaluation for p= 0.3
1 1
Accuracy of the network on test images: 100.0000 %, average probability:  0.9933
Running evaluation for p= 0.5
1 1
Accuracy of the network on test images: 100.0000 %, average probability:  0.9901
ROAD=0.0078

  Interval-1 [0-20%]
    INT8... Running evaluation for p= 0.1
1 1
Accuracy of the network on test images: 100.0000 %, average probability:  0.9872
Running evaluation for p= 0.3
1 1
Accuracy of the network on test images: 100.0000 %, average probability:  0.9869
Running evaluation for p= 0.5
1 1
Accuracy of the network on test images: 100.0000 %, average probability:  0.9916
ROAD=0.0114
    INT4... Running evaluation for p= 0.1
1 1
Accuracy of the network on test images: 100.0000 %, average probability:  0.9898
Running evaluation for p= 0.3
1 1
Accuracy of the network on test images: 100.0000 %, average probability:  0.9864
Running evaluation for p= 0.5
1 1
Accuracy of the network on test images: 100.0000 %, average probability:  0.9890
ROAD=0.0116
    INT2... Running evaluation for p= 0.1
1 1
Accuracy of the network on test images: 100.0000 %, average probability:  0.9909
Running evaluation for p= 0.3
1 1
Accuracy of the network on test images: 100.0000 %, average probability:  0.9913
Running evaluation for p= 0.5
1 1
Accuracy of the network on test images: 100.0000 %, average probability:  0.9919
ROAD=0.0086

  Interval-2 [20-40%]
    INT8... Running evaluation for p= 0.1
1 1
Accuracy of the network on test images: 100.0000 %, average probability:  0.9828
Running evaluation for p= 0.3
1 1
Accuracy of the network on test images: 100.0000 %, average probability:  0.9874
Running evaluation for p= 0.5
1 1
Accuracy of the network on test images: 100.0000 %, average probability:  0.9884
ROAD=0.0138
    INT4... Running evaluation for p= 0.1
1 1
Accuracy of the network on test images: 100.0000 %, average probability:  0.9922
Running evaluation for p= 0.3
1 1
Accuracy of the network on test images: 100.0000 %, average probability:  0.9901
Running evaluation for p= 0.5
1 1
Accuracy of the network on test images: 100.0000 %, average probability:  0.9903
ROAD=0.0091
    INT2... Running evaluation for p= 0.1
1 1
Accuracy of the network on test images: 100.0000 %, average probability:  0.9903
Running evaluation for p= 0.3
1 1
Accuracy of the network on test images: 100.0000 %, average probability:  0.9913
Running evaluation for p= 0.5
1 1
Accuracy of the network on test images: 100.0000 %, average probability:  0.9845
ROAD=0.0113

  Interval-3 [40-60%]
    INT8... Running evaluation for p= 0.1
1 1
Accuracy of the network on test images: 100.0000 %, average probability:  0.9894
Running evaluation for p= 0.3
1 1
Accuracy of the network on test images: 100.0000 %, average probability:  0.9900
Running evaluation for p= 0.5
1 1
Accuracy of the network on test images: 100.0000 %, average probability:  0.9830
ROAD=0.0125
    INT4... Running evaluation for p= 0.1
1 1
Accuracy of the network on test images: 100.0000 %, average probability:  0.9770
Running evaluation for p= 0.3
1 1
Accuracy of the network on test images: 100.0000 %, average probability:  0.9926
Running evaluation for p= 0.5
1 1
Accuracy of the network on test images: 100.0000 %, average probability:  0.9906
ROAD=0.0133
    INT2... Running evaluation for p= 0.1
1 1
Accuracy of the network on test images: 100.0000 %, average probability:  0.9833
Running evaluation for p= 0.3
1 1
Accuracy of the network on test images: 100.0000 %, average probability:  0.9912
Running evaluation for p= 0.5
1 1
Accuracy of the network on test images: 100.0000 %, average probability:  0.9858
ROAD=0.0132

  Interval-4 [60-80%]
    INT8... Running evaluation for p= 0.1
1 1
Accuracy of the network on test images: 100.0000 %, average probability:  0.9921
Running evaluation for p= 0.3
1 1
Accuracy of the network on test images: 100.0000 %, average probability:  0.9884
Running evaluation for p= 0.5
1 1
Accuracy of the network on test images: 100.0000 %, average probability:  0.9903
ROAD=0.0097
    INT4... Running evaluation for p= 0.1
1 1
Accuracy of the network on test images: 100.0000 %, average probability:  0.9892
Running evaluation for p= 0.3
1 1
Accuracy of the network on test images: 100.0000 %, average probability:  0.9889
Running evaluation for p= 0.5
1 1
Accuracy of the network on test images: 100.0000 %, average probability:  0.9912
ROAD=0.0103
    INT2... Running evaluation for p= 0.1
1 1
Accuracy of the network on test images: 100.0000 %, average probability:  0.9902
Running evaluation for p= 0.3
1 1
Accuracy of the network on test images: 100.0000 %, average probability:  0.9897
Running evaluation for p= 0.5
1 1
Accuracy of the network on test images: 100.0000 %, average probability:  0.9884
ROAD=0.0106

  Interval-5 [80-100%]
    INT8... Running evaluation for p= 0.1
1 1
Accuracy of the network on test images: 100.0000 %, average probability:  0.9872
Running evaluation for p= 0.3
1 1
Accuracy of the network on test images: 100.0000 %, average probability:  0.9902
Running evaluation for p= 0.5
1 1
Accuracy of the network on test images: 100.0000 %, average probability:  0.9861
ROAD=0.0122
    INT4... Running evaluation for p= 0.1
1 1
Accuracy of the network on test images: 100.0000 %, average probability:  0.9880
Running evaluation for p= 0.3
1 1
Accuracy of the network on test images: 100.0000 %, average probability:  0.9901
Running evaluation for p= 0.5
1 1
Accuracy of the network on test images: 100.0000 %, average probability:  0.9924
ROAD=0.0098
    INT2... Running evaluation for p= 0.1
1 1
Accuracy of the network on test images: 100.0000 %, average probability:  0.9905
Running evaluation for p= 0.3
1 1
Accuracy of the network on test images: 100.0000 %, average probability:  0.9819
Running evaluation for p= 0.5
1 1
Accuracy of the network on test images: 100.0000 %, average probability:  0.9938
ROAD=0.0113

================================================================================
Image 10/10
================================================================================

  Baseline (FP32)
    FP32... Running evaluation for p= 0.1
1 1
Accuracy of the network on test images: 100.0000 %, average probability:  0.9996
Running evaluation for p= 0.3
1 1
Accuracy of the network on test images: 100.0000 %, average probability:  0.9994
Running evaluation for p= 0.5
1 1
Accuracy of the network on test images: 100.0000 %, average probability:  0.9995
ROAD=0.0005

  Interval-1 [0-20%]
    INT8... Running evaluation for p= 0.1
1 1
Accuracy of the network on test images: 100.0000 %, average probability:  0.9992
Running evaluation for p= 0.3
1 1
Accuracy of the network on test images: 100.0000 %, average probability:  0.9995
Running evaluation for p= 0.5
1 1
Accuracy of the network on test images: 100.0000 %, average probability:  0.9997
ROAD=0.0005
    INT4... Running evaluation for p= 0.1
1 1
Accuracy of the network on test images: 100.0000 %, average probability:  0.9996
Running evaluation for p= 0.3
1 1
Accuracy of the network on test images: 100.0000 %, average probability:  0.9997
Running evaluation for p= 0.5
1 1
Accuracy of the network on test images: 100.0000 %, average probability:  0.9998
ROAD=0.0003
    INT2... Running evaluation for p= 0.1
1 1
Accuracy of the network on test images: 100.0000 %, average probability:  0.9995
Running evaluation for p= 0.3
1 1
Accuracy of the network on test images: 100.0000 %, average probability:  0.9995
Running evaluation for p= 0.5
1 1
Accuracy of the network on test images: 100.0000 %, average probability:  0.9996
ROAD=0.0005

  Interval-2 [20-40%]
    INT8... Running evaluation for p= 0.1
1 1
Accuracy of the network on test images: 100.0000 %, average probability:  0.9994
Running evaluation for p= 0.3
1 1
Accuracy of the network on test images: 100.0000 %, average probability:  0.9997
Running evaluation for p= 0.5
1 1
Accuracy of the network on test images: 100.0000 %, average probability:  0.9997
ROAD=0.0004
    INT4... Running evaluation for p= 0.1
1 1
Accuracy of the network on test images: 100.0000 %, average probability:  0.9992
Running evaluation for p= 0.3
1 1
Accuracy of the network on test images: 100.0000 %, average probability:  0.9997
Running evaluation for p= 0.5
1 1
Accuracy of the network on test images: 100.0000 %, average probability:  0.9996
ROAD=0.0005
    INT2... Running evaluation for p= 0.1
1 1
Accuracy of the network on test images: 100.0000 %, average probability:  0.9995
Running evaluation for p= 0.3
1 1
Accuracy of the network on test images: 100.0000 %, average probability:  0.9997
Running evaluation for p= 0.5
1 1
Accuracy of the network on test images: 100.0000 %, average probability:  0.9995
ROAD=0.0004

  Interval-3 [40-60%]
    INT8... Running evaluation for p= 0.1
1 1
Accuracy of the network on test images: 100.0000 %, average probability:  0.9995
Running evaluation for p= 0.3
1 1
Accuracy of the network on test images: 100.0000 %, average probability:  0.9997
Running evaluation for p= 0.5
1 1
Accuracy of the network on test images: 100.0000 %, average probability:  0.9993
ROAD=0.0005
    INT4... Running evaluation for p= 0.1
1 1
Accuracy of the network on test images: 100.0000 %, average probability:  0.9994
Running evaluation for p= 0.3
1 1
Accuracy of the network on test images: 100.0000 %, average probability:  0.9993
Running evaluation for p= 0.5
1 1
Accuracy of the network on test images: 100.0000 %, average probability:  0.9996
ROAD=0.0005
    INT2... Running evaluation for p= 0.1
1 1
Accuracy of the network on test images: 100.0000 %, average probability:  0.9996
Running evaluation for p= 0.3
1 1
Accuracy of the network on test images: 100.0000 %, average probability:  0.9995
Running evaluation for p= 0.5
1 1
Accuracy of the network on test images: 100.0000 %, average probability:  0.9995
ROAD=0.0005

  Interval-4 [60-80%]
    INT8... Running evaluation for p= 0.1
1 1
Accuracy of the network on test images: 100.0000 %, average probability:  0.9997
Running evaluation for p= 0.3
1 1
Accuracy of the network on test images: 100.0000 %, average probability:  0.9998
Running evaluation for p= 0.5
1 1
Accuracy of the network on test images: 100.0000 %, average probability:  0.9995
ROAD=0.0003
    INT4... Running evaluation for p= 0.1
1 1
Accuracy of the network on test images: 100.0000 %, average probability:  0.9997
Running evaluation for p= 0.3
1 1
Accuracy of the network on test images: 100.0000 %, average probability:  0.9996
Running evaluation for p= 0.5
1 1
Accuracy of the network on test images: 100.0000 %, average probability:  0.9992
ROAD=0.0005
    INT2... Running evaluation for p= 0.1
1 1
Accuracy of the network on test images: 100.0000 %, average probability:  0.9994
Running evaluation for p= 0.3
1 1
Accuracy of the network on test images: 100.0000 %, average probability:  0.9996
Running evaluation for p= 0.5
1 1
Accuracy of the network on test images: 100.0000 %, average probability:  0.9995
ROAD=0.0005

  Interval-5 [80-100%]
    INT8... Running evaluation for p= 0.1
1 1
Accuracy of the network on test images: 100.0000 %, average probability:  0.9997
Running evaluation for p= 0.3
1 1
Accuracy of the network on test images: 100.0000 %, average probability:  0.9996
Running evaluation for p= 0.5
1 1
Accuracy of the network on test images: 100.0000 %, average probability:  0.9992
ROAD=0.0005
    INT4... Running evaluation for p= 0.1
1 1
Accuracy of the network on test images: 100.0000 %, average probability:  0.9995
Running evaluation for p= 0.3
1 1
Accuracy of the network on test images: 100.0000 %, average probability:  0.9991
Running evaluation for p= 0.5
1 1
Accuracy of the network on test images: 100.0000 %, average probability:  0.9993
ROAD=0.0007
    INT2... Running evaluation for p= 0.1
1 1
Accuracy of the network on test images: 100.0000 %, average probability:  0.9993
Running evaluation for p= 0.3
1 1
Accuracy of the network on test images: 100.0000 %, average probability:  0.9994
Running evaluation for p= 0.5
1 1
Accuracy of the network on test images: 100.0000 %, average probability:  0.9996
ROAD=0.0006

================================================================================
Computing Statistics
================================================================================

Interval-1 [0-20%]:
  FP32: ROAD=0.02450.0551
  INT8: ROAD=0.02500.0552
  INT4: ROAD=0.02720.0553
  INT2: ROAD=0.02480.0565

Interval-2 [20-40%]:
  FP32: ROAD=0.02450.0551
  INT8: ROAD=0.02480.0558
  INT4: ROAD=0.02320.0510
  INT2: ROAD=0.02610.0609

Interval-3 [40-60%]:
  FP32: ROAD=0.02450.0551
  INT8: ROAD=0.02860.0672
  INT4: ROAD=0.02710.0614
  INT2: ROAD=0.02660.0615

Interval-4 [60-80%]:
  FP32: ROAD=0.02450.0551
  INT8: ROAD=0.02410.0562
  INT4: ROAD=0.02710.0630
  INT2: ROAD=0.02340.0530

Interval-5 [80-100%]:
  FP32: ROAD=0.02450.0551
  INT8: ROAD=0.02410.0525
  INT4: ROAD=0.02460.0562
  INT2: ROAD=0.02410.0549

Baseline:
  FP32: ROAD=0.02450.0551
  INT8: ROAD=0.02450.0551
  INT4: ROAD=0.02450.0551
  INT2: ROAD=0.02450.0551

================================================================================
Generating Visualization
================================================================================
Visualization saved: ./results/channel_sensitivity_selective_quantization.png

================================================================================
Experiment Complete!
================================================================================
Results saved to: ./results/channel_sensitivity_selective_quantization.png

Key Question Answered:
- Which channel interval needs higher precision quantization?
- Can we use INT4 for less important channels?
- What's the minimum bit-width for each interval?

